[15:02:28] ============================================================
[15:02:28] 步骤零：数据整合
[15:02:28] ============================================================
[15:02:28] 
加载原始数据...
[15:02:28]   加载 function_1.csv: 24694 行
[15:02:38]   加载 function_2.csv: 1055961 行
[15:02:38]   加载 function_3.csv: 1117 行
[15:02:38] 
筛选抗氧化肽 (is_antioxidant=1)...
[15:02:38]   function_1: 24694 → 1627 抗氧化
[15:02:38]   function_2: 1055961 → 1055961 抗氧化
[15:02:38]   function_3: 1117 → 1117 抗氧化
[15:02:38]   抗氧化合计: 1,058,705 条
[15:02:38] 
清洗 & 去重...
[15:02:40]   非标准氨基酸: 42
[15:02:40]   过短 (<3aa): 113
[15:02:40]   过长 (>30aa): 1530
[15:02:40]   合法序列: 1,057,020
[15:02:40]   去重后: 1,055,116
[15:02:41] 
长度分布:
[15:02:42] 肽长度 分布 (n=1055116):
[15:02:42]   均值:   10.7909
[15:02:42]   中位数: 10.0000
[15:02:42]   标准差: 2.9935
[15:02:42]   最小值: 3.0000
[15:02:42]   最大值: 30.0000
[15:02:42]   P5: 7.0000  |  P25: 9.0000  |  P75: 12.0000  |  P95: 16.0000
[15:02:42] 
[15:02:42]   分布直方图:
[15:02:42]   3.0000-6.3750: ░░░░░░░░░░░░░░  (2,484 条, 0.2%) 
[15:02:42]   6.3750-9.7500: █████░░░░░░░░░  (403,221 条, 38.2%) 
[15:02:42]   9.7500-13.1250: ██████░░░░░░░░  (486,162 条, 46.1%) ← 均值
[15:02:42]   13.1250-16.5000: ██░░░░░░░░░░░░  (114,732 条, 10.9%) 
[15:02:42]   16.5000-19.8750: ░░░░░░░░░░░░░░  (33,016 条, 3.1%) 
[15:02:42]   19.8750-23.2500: ░░░░░░░░░░░░░░  (11,239 条, 1.1%) 
[15:02:42]   23.2500-26.6250: ░░░░░░░░░░░░░░  (2,616 条, 0.2%) 
[15:02:42]   26.6250-30.0000: ░░░░░░░░░░░░░░  (1,303 条, 0.1%) 
[15:02:42] 
[15:02:46] 
✅ 已写入: /home/lenovo/Projects/iGEM-silk/output2/step00_integrate/final/cleaned.csv (1,055,116 条)
[15:02:47] 报告已写入: /home/lenovo/Projects/iGEM-silk/output2/step00_integrate/README.md
[15:02:47] 
✅ 步骤零完成！耗时: 18.1s
[15:02:47]   输出: 1,055,116 条抗氧化肽 → Round 1
